2022-02-03 18:09:25.518  INFO 21944 --- [main] com.login.flock.demo.DemoApplication     : Starting DemoApplication using Java 14.0.2 on CARLOSGUZMAN2 with PID 21944 (C:\Users\carlos.guayapero\eclipse-workspace\demo\target\classes started by carlos.guayapero in C:\Users\carlos.guayapero\eclipse-workspace\demo)
2022-02-03 18:09:25.530  INFO 21944 --- [main] com.login.flock.demo.DemoApplication     : No active profile set, falling back to default profiles: default
2022-02-03 18:09:27.012  INFO 1736 --- [main] com.login.flock.demo.DemoApplication     : Starting DemoApplication using Java 14.0.2 on CARLOSGUZMAN2 with PID 1736 (C:\Users\carlos.guayapero\eclipse-workspace\demo\target\classes started by carlos.guayapero in C:\Users\carlos.guayapero\eclipse-workspace\demo)
2022-02-03 18:09:27.067  INFO 1736 --- [main] com.login.flock.demo.DemoApplication     : No active profile set, falling back to default profiles: default
2022-02-03 18:09:29.835  INFO 21944 --- [main] o.s.b.w.embedded.tomcat.TomcatWebServer  : Tomcat initialized with port(s): 8080 (http)
2022-02-03 18:09:29.863  INFO 21944 --- [main] o.apache.catalina.core.StandardService   : Starting service [Tomcat]
2022-02-03 18:09:29.864  INFO 21944 --- [main] org.apache.catalina.core.StandardEngine  : Starting Servlet engine: [Apache Tomcat/9.0.56]
2022-02-03 18:09:30.423  INFO 21944 --- [main] o.a.c.c.C.[Tomcat].[localhost].[/]       : Initializing Spring embedded WebApplicationContext
2022-02-03 18:09:30.425  INFO 21944 --- [main] w.s.c.ServletWebServerApplicationContext : Root WebApplicationContext: initialization completed in 4690 ms
2022-02-03 18:09:31.376  INFO 21944 --- [main] o.s.s.web.DefaultSecurityFilterChain     : Will secure any request with [org.springframework.security.web.context.request.async.WebAsyncManagerIntegrationFilter@75e09567, org.springframework.security.web.context.SecurityContextPersistenceFilter@54755dd9, org.springframework.security.web.header.HeaderWriterFilter@7da31a40, org.springframework.security.web.csrf.CsrfFilter@3456558, org.springframework.security.web.authentication.logout.LogoutFilter@6801b414, org.springframework.security.web.authentication.UsernamePasswordAuthenticationFilter@119b0892, org.springframework.security.web.authentication.ui.DefaultLoginPageGeneratingFilter@73ae0257, org.springframework.security.web.authentication.ui.DefaultLogoutPageGeneratingFilter@2a334bac, org.springframework.security.web.authentication.www.BasicAuthenticationFilter@2b0dc227, org.springframework.security.web.savedrequest.RequestCacheAwareFilter@4462efe1, org.springframework.security.web.servletapi.SecurityContextHolderAwareRequestFilter@2bfb583b, org.springframework.security.web.authentication.AnonymousAuthenticationFilter@470d183, org.springframework.security.web.session.SessionManagementFilter@1b5a1d85, org.springframework.security.web.access.ExceptionTranslationFilter@28237492, org.springframework.security.web.access.intercept.FilterSecurityInterceptor@1115433e]
2022-02-03 18:09:31.387  INFO 1736 --- [main] o.s.b.w.embedded.tomcat.TomcatWebServer  : Tomcat initialized with port(s): 8080 (http)
2022-02-03 18:09:31.419  INFO 1736 --- [main] o.apache.catalina.core.StandardService   : Starting service [Tomcat]
2022-02-03 18:09:31.420  INFO 1736 --- [main] org.apache.catalina.core.StandardEngine  : Starting Servlet engine: [Apache Tomcat/9.0.56]
2022-02-03 18:09:31.926  INFO 1736 --- [main] o.a.c.c.C.[Tomcat].[localhost].[/]       : Initializing Spring embedded WebApplicationContext
2022-02-03 18:09:31.928  INFO 1736 --- [main] w.s.c.ServletWebServerApplicationContext : Root WebApplicationContext: initialization completed in 4683 ms
2022-02-03 18:09:31.970 DEBUG 21944 --- [main] s.w.s.m.m.a.RequestMappingHandlerAdapter : ControllerAdvice beans: 0 @ModelAttribute, 0 @InitBinder, 1 RequestBodyAdvice, 1 ResponseBodyAdvice
2022-02-03 18:09:32.318 DEBUG 21944 --- [main] s.w.s.m.m.a.RequestMappingHandlerMapping : 5 mappings in 'requestMappingHandlerMapping'
2022-02-03 18:09:32.456 DEBUG 21944 --- [main] o.s.w.s.handler.SimpleUrlHandlerMapping  : Patterns [/webjars/**, /**] in 'resourceHandlerMapping'
2022-02-03 18:09:32.487 DEBUG 21944 --- [main] .m.m.a.ExceptionHandlerExceptionResolver : ControllerAdvice beans: 0 @ExceptionHandler, 1 ResponseBodyAdvice
2022-02-03 18:09:32.655  WARN 21944 --- [main] ConfigServletWebServerApplicationContext : Exception encountered during context initialization - cancelling refresh attempt: org.springframework.context.ApplicationContextException: Failed to start bean 'webServerStartStop'; nested exception is org.springframework.boot.web.server.PortInUseException: Port 8080 is already in use
2022-02-03 18:09:32.683  INFO 21944 --- [main] o.apache.catalina.core.StandardService   : Stopping service [Tomcat]
2022-02-03 18:09:32.713  INFO 21944 --- [main] ConditionEvaluationReportLoggingListener : 

Error starting ApplicationContext. To display the conditions report re-run your application with 'debug' enabled.
2022-02-03 18:09:32.764 ERROR 21944 --- [main] o.s.b.d.LoggingFailureAnalysisReporter   : 

***************************
APPLICATION FAILED TO START
***************************

Description:

Web server failed to start. Port 8080 was already in use.

Action:

Identify and stop the process that's listening on port 8080 or configure this application to listen on another port.

2022-02-03 18:09:32.996  INFO 1736 --- [main] o.s.s.web.DefaultSecurityFilterChain     : Will secure any request with [org.springframework.security.web.context.request.async.WebAsyncManagerIntegrationFilter@75e09567, org.springframework.security.web.context.SecurityContextPersistenceFilter@54755dd9, org.springframework.security.web.header.HeaderWriterFilter@7da31a40, org.springframework.security.web.csrf.CsrfFilter@3456558, org.springframework.security.web.authentication.logout.LogoutFilter@6801b414, org.springframework.security.web.authentication.UsernamePasswordAuthenticationFilter@119b0892, org.springframework.security.web.authentication.ui.DefaultLoginPageGeneratingFilter@73ae0257, org.springframework.security.web.authentication.ui.DefaultLogoutPageGeneratingFilter@2a334bac, org.springframework.security.web.authentication.www.BasicAuthenticationFilter@2b0dc227, org.springframework.security.web.savedrequest.RequestCacheAwareFilter@4462efe1, org.springframework.security.web.servletapi.SecurityContextHolderAwareRequestFilter@2bfb583b, org.springframework.security.web.authentication.AnonymousAuthenticationFilter@470d183, org.springframework.security.web.session.SessionManagementFilter@1b5a1d85, org.springframework.security.web.access.ExceptionTranslationFilter@28237492, org.springframework.security.web.access.intercept.FilterSecurityInterceptor@1115433e]
2022-02-03 18:09:33.147 DEBUG 1736 --- [main] s.w.s.m.m.a.RequestMappingHandlerAdapter : ControllerAdvice beans: 0 @ModelAttribute, 0 @InitBinder, 1 RequestBodyAdvice, 1 ResponseBodyAdvice
2022-02-03 18:09:33.270 DEBUG 1736 --- [main] s.w.s.m.m.a.RequestMappingHandlerMapping : 5 mappings in 'requestMappingHandlerMapping'
2022-02-03 18:09:33.316 DEBUG 1736 --- [main] o.s.w.s.handler.SimpleUrlHandlerMapping  : Patterns [/webjars/**, /**] in 'resourceHandlerMapping'
2022-02-03 18:09:33.331 DEBUG 1736 --- [main] .m.m.a.ExceptionHandlerExceptionResolver : ControllerAdvice beans: 0 @ExceptionHandler, 1 ResponseBodyAdvice
2022-02-03 18:09:33.415  WARN 1736 --- [main] ConfigServletWebServerApplicationContext : Exception encountered during context initialization - cancelling refresh attempt: org.springframework.context.ApplicationContextException: Failed to start bean 'webServerStartStop'; nested exception is org.springframework.boot.web.server.PortInUseException: Port 8080 is already in use
2022-02-03 18:09:33.421  INFO 1736 --- [main] o.apache.catalina.core.StandardService   : Stopping service [Tomcat]
2022-02-03 18:09:33.444  INFO 1736 --- [main] ConditionEvaluationReportLoggingListener : 

Error starting ApplicationContext. To display the conditions report re-run your application with 'debug' enabled.
2022-02-03 18:09:33.478 ERROR 1736 --- [main] o.s.b.d.LoggingFailureAnalysisReporter   : 

***************************
APPLICATION FAILED TO START
***************************

Description:

Web server failed to start. Port 8080 was already in use.

Action:

Identify and stop the process that's listening on port 8080 or configure this application to listen on another port.

2022-02-03 18:09:59.649  INFO 13272 --- [main] com.login.flock.demo.DemoApplication     : Starting DemoApplication using Java 14.0.2 on CARLOSGUZMAN2 with PID 13272 (C:\Users\carlos.guayapero\eclipse-workspace\demo\target\classes started by carlos.guayapero in C:\Users\carlos.guayapero\eclipse-workspace\demo)
2022-02-03 18:09:59.653  INFO 13272 --- [main] com.login.flock.demo.DemoApplication     : No active profile set, falling back to default profiles: default
2022-02-03 18:10:01.623  INFO 13272 --- [main] o.s.b.w.embedded.tomcat.TomcatWebServer  : Tomcat initialized with port(s): 8080 (http)
2022-02-03 18:10:01.639  INFO 13272 --- [main] o.apache.catalina.core.StandardService   : Starting service [Tomcat]
2022-02-03 18:10:01.640  INFO 13272 --- [main] org.apache.catalina.core.StandardEngine  : Starting Servlet engine: [Apache Tomcat/9.0.56]
2022-02-03 18:10:01.810  INFO 13272 --- [main] o.a.c.c.C.[Tomcat].[localhost].[/]       : Initializing Spring embedded WebApplicationContext
2022-02-03 18:10:01.811  INFO 13272 --- [main] w.s.c.ServletWebServerApplicationContext : Root WebApplicationContext: initialization completed in 2022 ms
2022-02-03 18:10:02.333  INFO 13272 --- [main] o.s.s.web.DefaultSecurityFilterChain     : Will secure any request with [org.springframework.security.web.context.request.async.WebAsyncManagerIntegrationFilter@513b52af, org.springframework.security.web.context.SecurityContextPersistenceFilter@4ee25d80, org.springframework.security.web.header.HeaderWriterFilter@3679d92e, org.springframework.security.web.csrf.CsrfFilter@6419a0e1, org.springframework.security.web.authentication.logout.LogoutFilter@2629d5dc, org.springframework.security.web.authentication.UsernamePasswordAuthenticationFilter@3dc95b8b, org.springframework.security.web.authentication.ui.DefaultLoginPageGeneratingFilter@2daf06fc, org.springframework.security.web.authentication.ui.DefaultLogoutPageGeneratingFilter@5a8c93, org.springframework.security.web.authentication.www.BasicAuthenticationFilter@656f62dc, org.springframework.security.web.savedrequest.RequestCacheAwareFilter@ba17be6, org.springframework.security.web.servletapi.SecurityContextHolderAwareRequestFilter@403c3a01, org.springframework.security.web.authentication.AnonymousAuthenticationFilter@3bed3315, org.springframework.security.web.session.SessionManagementFilter@58fa5769, org.springframework.security.web.access.ExceptionTranslationFilter@6cbe7d4d, org.springframework.security.web.access.intercept.FilterSecurityInterceptor@462abec3]
2022-02-03 18:10:02.503 DEBUG 13272 --- [main] s.w.s.m.m.a.RequestMappingHandlerAdapter : ControllerAdvice beans: 0 @ModelAttribute, 0 @InitBinder, 1 RequestBodyAdvice, 1 ResponseBodyAdvice
2022-02-03 18:10:02.646 DEBUG 13272 --- [main] s.w.s.m.m.a.RequestMappingHandlerMapping : 5 mappings in 'requestMappingHandlerMapping'
2022-02-03 18:10:02.710 DEBUG 13272 --- [main] o.s.w.s.handler.SimpleUrlHandlerMapping  : Patterns [/webjars/**, /**] in 'resourceHandlerMapping'
2022-02-03 18:10:02.729 DEBUG 13272 --- [main] .m.m.a.ExceptionHandlerExceptionResolver : ControllerAdvice beans: 0 @ExceptionHandler, 1 ResponseBodyAdvice
2022-02-03 18:10:02.901  INFO 13272 --- [main] o.s.b.w.embedded.tomcat.TomcatWebServer  : Tomcat started on port(s): 8080 (http) with context path ''
2022-02-03 18:10:02.924  INFO 13272 --- [main] com.login.flock.demo.DemoApplication     : Started DemoApplication in 4.02 seconds (JVM running for 4.856)
2022-02-03 18:10:07.565  INFO 13272 --- [http-nio-8080-exec-1] o.a.c.c.C.[Tomcat].[localhost].[/]       : Initializing Spring DispatcherServlet 'dispatcherServlet'
2022-02-03 18:10:07.566  INFO 13272 --- [http-nio-8080-exec-1] o.s.web.servlet.DispatcherServlet        : Initializing Servlet 'dispatcherServlet'
2022-02-03 18:10:07.567 DEBUG 13272 --- [http-nio-8080-exec-1] o.s.web.servlet.DispatcherServlet        : Detected StandardServletMultipartResolver
2022-02-03 18:10:07.567 DEBUG 13272 --- [http-nio-8080-exec-1] o.s.web.servlet.DispatcherServlet        : Detected AcceptHeaderLocaleResolver
2022-02-03 18:10:07.567 DEBUG 13272 --- [http-nio-8080-exec-1] o.s.web.servlet.DispatcherServlet        : Detected FixedThemeResolver
2022-02-03 18:10:07.568 DEBUG 13272 --- [http-nio-8080-exec-1] o.s.web.servlet.DispatcherServlet        : Detected org.springframework.web.servlet.view.DefaultRequestToViewNameTranslator@10050798
2022-02-03 18:10:07.569 DEBUG 13272 --- [http-nio-8080-exec-1] o.s.web.servlet.DispatcherServlet        : Detected org.springframework.web.servlet.support.SessionFlashMapManager@5fb29179
2022-02-03 18:10:07.569 DEBUG 13272 --- [http-nio-8080-exec-1] o.s.web.servlet.DispatcherServlet        : enableLoggingRequestDetails='false': request parameters and headers will be masked to prevent unsafe logging of potentially sensitive data
2022-02-03 18:10:07.569  INFO 13272 --- [http-nio-8080-exec-1] o.s.web.servlet.DispatcherServlet        : Completed initialization in 2 ms
2022-02-03 18:10:13.085 DEBUG 13272 --- [http-nio-8080-exec-4] o.s.web.servlet.DispatcherServlet        : GET "/provincias/centroide/misiones", parameters={}
2022-02-03 18:10:13.095 DEBUG 13272 --- [http-nio-8080-exec-4] s.w.s.m.m.a.RequestMappingHandlerMapping : Mapped to com.login.flock.demo.controller.ApiController#getCentroideByNameProvince(String)
2022-02-03 18:10:13.133  INFO 13272 --- [http-nio-8080-exec-4] c.l.flock.demo.controller.ApiController  : Consultando provincia: misiones
2022-02-03 18:10:13.415 DEBUG 13272 --- [http-nio-8080-exec-4] o.s.web.client.RestTemplate              : HTTP GET https://apis.datos.gob.ar/georef/api/provincias
2022-02-03 18:10:13.516 DEBUG 13272 --- [http-nio-8080-exec-4] o.s.web.client.RestTemplate              : Accept=[application/json, application/*+json]
2022-02-03 18:10:13.911 DEBUG 13272 --- [http-nio-8080-exec-4] o.s.web.client.RestTemplate              : Response 200 OK
2022-02-03 18:10:13.913 DEBUG 13272 --- [http-nio-8080-exec-4] o.s.web.client.RestTemplate              : Reading to [com.login.flock.demo.model.DataJs]
2022-02-03 18:10:13.941  INFO 13272 --- [http-nio-8080-exec-4] c.l.flock.demo.controller.ApiController  : Respuesta consulta provincia: misiones Centroide [lat=-26.8753965086829, lon=-54.6516966230371]
2022-02-03 18:10:13.975 DEBUG 13272 --- [http-nio-8080-exec-4] m.m.a.RequestResponseBodyMethodProcessor : Using 'application/json;q=0.8', given [text/html, application/xhtml+xml, image/avif, image/webp, image/apng, application/xml;q=0.9, application/signed-exchange;v=b3;q=0.9, */*;q=0.8] and supported [application/json, application/*+json, application/json, application/*+json]
2022-02-03 18:10:13.976 DEBUG 13272 --- [http-nio-8080-exec-4] m.m.a.RequestResponseBodyMethodProcessor : Writing [Centroide [lat=-26.8753965086829, lon=-54.6516966230371]]
2022-02-03 18:10:13.990 DEBUG 13272 --- [http-nio-8080-exec-4] o.s.web.servlet.DispatcherServlet        : Completed 200 OK
